This file contains any messages produced by compilers while
running configure, to aid debugging if configure makes a mistake.

It was created by tmux configure 2.1, which was
generated by GNU Autoconf 2.69.  Invocation command line was

  $ ./configure CFLAGS=-I/home/fcao/local/include -I/home/fcao/local/include/ncurses LDFLAGS=-L/home/fcao/local/lib -L/home/fcao/local/include/ncurses -L/home/fcao/local/include CPPFLAGS=-I/home/fcao/local/include -I/home/fcao/local/include/ncurses LDFLAGS=-static -L/home/fcao/local/include -L/home/fcao/local/include/ncurses -L/home/fcao/local/lib

## --------- ##
## Platform. ##
## --------- ##

hostname = ifarm1101
uname -m = x86_64
uname -r = 2.6.32-431.el6.x86_64
uname -s = Linux
uname -v = #1 SMP Fri Nov 22 03:15:09 UTC 2013

/usr/bin/uname -p = unknown
/bin/uname -X     = unknown

/bin/arch              = x86_64
/usr/bin/arch -k       = unknown
/usr/convex/getsysinfo = unknown
/usr/bin/hostinfo      = unknown
/bin/machine           = unknown
/usr/bin/oslevel       = unknown
/bin/universe          = unknown

PATH: /home/fcao/work/builds/root/bin
PATH: /home/fcao/local/bin
PATH: /home/fcao/bin/cmake-3.9.0-rc5/bin
PATH: /home/fcao/bin/libevent/bin
PATH: /home/fcao/bin
PATH: /volatile/clas12/kpp/CLARA/coat-4a.0.0/clara-cre//plugins/clas12/bin/
PATH: /volatile/clas12/kpp/groovy/groovy-2.4.8/bin/
PATH: .
PATH: /group/clas12/bin
PATH: /group/clas12/scripts
PATH: /apps/gcc/4.8.0/bin
PATH: /apps/root/5.34.05/root/bin
PATH: /apps/python/bin
PATH: /apps/scons/bin
PATH: /site/bin
PATH: /apps/bin
PATH: /usr/bin
PATH: /bin
PATH: /usr/sbin
PATH: /sbin
PATH: ./bin
PATH: ./build/bin


## ----------- ##
## Core tests. ##
## ----------- ##

configure:2333: checking for a BSD-compatible install
configure:2401: result: /usr/bin/install -c
configure:2412: checking whether build environment is sane
configure:2467: result: yes
configure:2618: checking for a thread-safe mkdir -p
configure:2657: result: /bin/mkdir -p
configure:2664: checking for gawk
configure:2680: found /usr/bin/gawk
configure:2691: result: gawk
configure:2702: checking whether make sets $(MAKE)
configure:2724: result: yes
configure:2753: checking whether make supports nested variables
configure:2770: result: yes
configure:2901: checking build system type
configure:2915: result: x86_64-unknown-linux-gnu
configure:2935: checking host system type
configure:2948: result: x86_64-unknown-linux-gnu
configure:3023: checking for gcc
configure:3039: found /apps/gcc/4.8.0/bin/gcc
configure:3050: result: gcc
configure:3279: checking for C compiler version
configure:3288: gcc --version >&5
gcc (GCC) 4.8.0
Copyright (C) 2013 Free Software Foundation, Inc.
This is free software; see the source for copying conditions.  There is NO
warranty; not even for MERCHANTABILITY or FITNESS FOR A PARTICULAR PURPOSE.

configure:3299: $? = 0
configure:3288: gcc -v >&5
Using built-in specs.
COLLECT_GCC=gcc
COLLECT_LTO_WRAPPER=/u/apps/gcc/4.8.0/bin/../libexec/gcc/x86_64-unknown-linux-gnu/4.8.0/lto-wrapper
Target: x86_64-unknown-linux-gnu
Configured with: ../gcc-4.8.0/configure --prefix=/apps/gcc/4.8.0 --with-gmp=/apps/gmp --with-mpfr=/apps/mpfr --with-mpc=/apps/mpc --enable-languages=c,c++,fortran
Thread model: posix
gcc version 4.8.0 (GCC) 
configure:3299: $? = 0
configure:3288: gcc -V >&5
gcc: error: unrecognized command line option '-V'
gcc: fatal error: no input files
compilation terminated.
configure:3299: $? = 1
configure:3288: gcc -qversion >&5
gcc: error: unrecognized command line option '-qversion'
gcc: fatal error: no input files
compilation terminated.
configure:3299: $? = 1
configure:3319: checking whether the C compiler works
configure:3341: gcc -I/home/fcao/local/include -I/home/fcao/local/include/ncurses -I/home/fcao/local/include -I/home/fcao/local/include/ncurses -static -L/home/fcao/local/include -L/home/fcao/local/include/ncurses -L/home/fcao/local/lib conftest.c  >&5
/usr/bin/ld: cannot find -lc
collect2: error: ld returned 1 exit status
configure:3345: $? = 1
configure:3383: result: no
configure: failed program was:
| /* confdefs.h */
| #define PACKAGE_NAME "tmux"
| #define PACKAGE_TARNAME "tmux"
| #define PACKAGE_VERSION "2.1"
| #define PACKAGE_STRING "tmux 2.1"
| #define PACKAGE_BUGREPORT ""
| #define PACKAGE_URL ""
| #define PACKAGE "tmux"
| #define VERSION "2.1"
| /* end confdefs.h.  */
| 
| int
| main ()
| {
| 
|   ;
|   return 0;
| }
configure:3388: error: in `/home/fcao/tmux_tmp/tmux-2.1':
configure:3390: error: C compiler cannot create executables
See `config.log' for more details

## ---------------- ##
## Cache variables. ##
## ---------------- ##

ac_cv_build=x86_64-unknown-linux-gnu
ac_cv_env_CC_set=
ac_cv_env_CC_value=
ac_cv_env_CFLAGS_set=set
ac_cv_env_CFLAGS_value='-I/home/fcao/local/include -I/home/fcao/local/include/ncurses'
ac_cv_env_CPPFLAGS_set=set
ac_cv_env_CPPFLAGS_value='-I/home/fcao/local/include -I/home/fcao/local/include/ncurses'
ac_cv_env_CPP_set=
ac_cv_env_CPP_value=
ac_cv_env_LDFLAGS_set=set
ac_cv_env_LDFLAGS_value='-static -L/home/fcao/local/include -L/home/fcao/local/include/ncurses -L/home/fcao/local/lib'
ac_cv_env_LIBEVENT_CFLAGS_set=
ac_cv_env_LIBEVENT_CFLAGS_value=
ac_cv_env_LIBEVENT_LIBS_set=
ac_cv_env_LIBEVENT_LIBS_value=
ac_cv_env_LIBS_set=
ac_cv_env_LIBS_value=
ac_cv_env_PKG_CONFIG_LIBDIR_set=
ac_cv_env_PKG_CONFIG_LIBDIR_value=
ac_cv_env_PKG_CONFIG_PATH_set=
ac_cv_env_PKG_CONFIG_PATH_value=
ac_cv_env_PKG_CONFIG_set=
ac_cv_env_PKG_CONFIG_value=
ac_cv_env_build_alias_set=
ac_cv_env_build_alias_value=
ac_cv_env_host_alias_set=
ac_cv_env_host_alias_value=
ac_cv_env_target_alias_set=
ac_cv_env_target_alias_value=
ac_cv_host=x86_64-unknown-linux-gnu
ac_cv_path_install='/usr/bin/install -c'
ac_cv_path_mkdir=/bin/mkdir
ac_cv_prog_AWK=gawk
ac_cv_prog_ac_ct_CC=gcc
ac_cv_prog_make_make_set=yes
am_cv_make_support_nested_variables=yes

## ----------------- ##
## Output variables. ##
## ----------------- ##

ACLOCAL='${SHELL} /home/fcao/tmux_tmp/tmux-2.1/etc/missing aclocal-1.15'
AMDEPBACKSLASH=''
AMDEP_FALSE=''
AMDEP_TRUE=''
AMTAR='$${TAR-tar}'
AM_BACKSLASH='\'
AM_DEFAULT_V='$(AM_DEFAULT_VERBOSITY)'
AM_DEFAULT_VERBOSITY='1'
AM_V='$(V)'
AUTOCONF='${SHELL} /home/fcao/tmux_tmp/tmux-2.1/etc/missing autoconf'
AUTOHEADER='${SHELL} /home/fcao/tmux_tmp/tmux-2.1/etc/missing autoheader'
AUTOMAKE='${SHELL} /home/fcao/tmux_tmp/tmux-2.1/etc/missing automake-1.15'
AWK='gawk'
CC='gcc'
CCDEPMODE=''
CFLAGS='-I/home/fcao/local/include -I/home/fcao/local/include/ncurses'
CPP=''
CPPFLAGS='-I/home/fcao/local/include -I/home/fcao/local/include/ncurses'
CYGPATH_W='echo'
DEFS=''
DEPDIR=''
ECHO_C=''
ECHO_N='-n'
ECHO_T=''
EGREP=''
EXEEXT=''
GREP=''
INSTALL_DATA='${INSTALL} -m 644'
INSTALL_PROGRAM='${INSTALL}'
INSTALL_SCRIPT='${INSTALL}'
INSTALL_STRIP_PROGRAM='$(install_sh) -c -s'
IS_AIX_FALSE=''
IS_AIX_TRUE=''
IS_COVERAGE_FALSE=''
IS_COVERAGE_TRUE=''
IS_DARWIN_FALSE=''
IS_DARWIN_TRUE=''
IS_DEBUG_FALSE=''
IS_DEBUG_TRUE=''
IS_DRAGONFLY_FALSE=''
IS_DRAGONFLY_TRUE=''
IS_FREEBSD_FALSE=''
IS_FREEBSD_TRUE=''
IS_GCC_FALSE=''
IS_GCC_TRUE=''
IS_GLIBC_FALSE=''
IS_GLIBC_TRUE=''
IS_HPUX_FALSE=''
IS_HPUX_TRUE=''
IS_LINUX_FALSE=''
IS_LINUX_TRUE=''
IS_NETBSD_FALSE=''
IS_NETBSD_TRUE=''
IS_OPENBSD_FALSE=''
IS_OPENBSD_TRUE=''
IS_SUNCC_FALSE=''
IS_SUNCC_TRUE=''
IS_SUNOS_FALSE=''
IS_SUNOS_TRUE=''
IS_UNKNOWN_FALSE=''
IS_UNKNOWN_TRUE=''
LDFLAGS='-static -L/home/fcao/local/include -L/home/fcao/local/include/ncurses -L/home/fcao/local/lib'
LIBEVENT_CFLAGS=''
LIBEVENT_LIBS=''
LIBOBJS=''
LIBS=''
LTLIBOBJS=''
MAKEINFO='${SHELL} /home/fcao/tmux_tmp/tmux-2.1/etc/missing makeinfo'
MANFORMAT=''
MKDIR_P='/bin/mkdir -p'
NO_ASPRINTF_FALSE=''
NO_ASPRINTF_TRUE=''
NO_B64_NTOP_FALSE=''
NO_B64_NTOP_TRUE=''
NO_CFMAKERAW_FALSE=''
NO_CFMAKERAW_TRUE=''
NO_CLOSEFROM_FALSE=''
NO_CLOSEFROM_TRUE=''
NO_DAEMON_FALSE=''
NO_DAEMON_TRUE=''
NO_FGETLN_FALSE=''
NO_FGETLN_TRUE=''
NO_FORKPTY_FALSE=''
NO_FORKPTY_TRUE=''
NO_FPARSELN_FALSE=''
NO_FPARSELN_TRUE=''
NO_GETOPT_FALSE=''
NO_GETOPT_TRUE=''
NO_IMSG_FALSE=''
NO_IMSG_TRUE=''
NO_OPENAT_FALSE=''
NO_OPENAT_TRUE=''
NO_SETENV_FALSE=''
NO_SETENV_TRUE=''
NO_STRCASESTR_FALSE=''
NO_STRCASESTR_TRUE=''
NO_STRLCAT_FALSE=''
NO_STRLCAT_TRUE=''
NO_STRLCPY_FALSE=''
NO_STRLCPY_TRUE=''
NO_STRSEP_FALSE=''
NO_STRSEP_TRUE=''
NO_STRTONUM_FALSE=''
NO_STRTONUM_TRUE=''
NO_VIS_FALSE=''
NO_VIS_TRUE=''
OBJEXT=''
PACKAGE='tmux'
PACKAGE_BUGREPORT=''
PACKAGE_NAME='tmux'
PACKAGE_STRING='tmux 2.1'
PACKAGE_TARNAME='tmux'
PACKAGE_URL=''
PACKAGE_VERSION='2.1'
PATH_SEPARATOR=':'
PKG_CONFIG=''
PKG_CONFIG_LIBDIR=''
PKG_CONFIG_PATH=''
PLATFORM=''
SET_MAKE=''
SHELL='/bin/sh'
STRIP=''
VERSION='2.1'
XOPEN_DEFINES=''
ac_ct_CC='gcc'
am__EXEEXT_FALSE=''
am__EXEEXT_TRUE=''
am__fastdepCC_FALSE=''
am__fastdepCC_TRUE=''
am__include=''
am__isrc=''
am__leading_dot='.'
am__nodep=''
am__quote=''
am__tar='$${TAR-tar} chof - "$$tardir"'
am__untar='$${TAR-tar} xf -'
bindir='${exec_prefix}/bin'
build='x86_64-unknown-linux-gnu'
build_alias=''
build_cpu='x86_64'
build_os='linux-gnu'
build_vendor='unknown'
datadir='${datarootdir}'
datarootdir='${prefix}/share'
docdir='${datarootdir}/doc/${PACKAGE_TARNAME}'
dvidir='${docdir}'
exec_prefix='NONE'
host='x86_64-unknown-linux-gnu'
host_alias=''
host_cpu='x86_64'
host_os='linux-gnu'
host_vendor='unknown'
htmldir='${docdir}'
includedir='${prefix}/include'
infodir='${datarootdir}/info'
install_sh='${SHELL} /home/fcao/tmux_tmp/tmux-2.1/etc/install-sh'
libdir='${exec_prefix}/lib'
libexecdir='${exec_prefix}/libexec'
localedir='${datarootdir}/locale'
localstatedir='${prefix}/var'
mandir='${datarootdir}/man'
mkdir_p='$(MKDIR_P)'
oldincludedir='/usr/include'
pdfdir='${docdir}'
prefix='NONE'
program_transform_name='s,x,x,'
psdir='${docdir}'
sbindir='${exec_prefix}/sbin'
sharedstatedir='${prefix}/com'
sysconfdir='${prefix}/etc'
target_alias=''

## ----------- ##
## confdefs.h. ##
## ----------- ##

/* confdefs.h */
#define PACKAGE_NAME "tmux"
#define PACKAGE_TARNAME "tmux"
#define PACKAGE_VERSION "2.1"
#define PACKAGE_STRING "tmux 2.1"
#define PACKAGE_BUGREPORT ""
#define PACKAGE_URL ""
#define PACKAGE "tmux"
#define VERSION "2.1"

configure: exit 77
